# JRE version: Java(TM) SE Runtime Environment (10.0.2+13) (build 10.0.2+13)
# Java VM: Java HotSpot(TM) 64-Bit Server VM (10.0.2+13, mixed mode, tiered, compressed oops, g1 gc, bsd-amd64)
Heap:
 garbage-first heap   total 157696K, used 19043K [0x0000000740000000, 0x00000007c0000000)
  region size 1024K, 5 young (5120K), 2 survivors (2048K)
 Metaspace       used 45077K, capacity 45978K, committed 46336K, reserved 1089536K
  class space    used 4947K, capacity 5301K, committed 5376K, reserved 1048576K
GC Heap History (10 events):
Event: 2.353 GC heap before
{Heap before GC invocations=3 (full 0):
 garbage-first heap   total 131072K, used 12438K [0x0000000740000000, 0x00000007c0000000)
  region size 1024K, 10 young (10240K), 3 survivors (3072K)
 Metaspace       used 20653K, capacity 21045K, committed 21248K, reserved 1069056K
  class space    used 2294K, capacity 2508K, committed 2560K, reserved 1048576K
}
Event: 2.358 GC heap after
{Heap after GC invocations=4 (full 0):
 garbage-first heap   total 131072K, used 6752K [0x0000000740000000, 0x00000007c0000000)
  region size 1024K, 3 young (3072K), 3 survivors (3072K)
 Metaspace       used 20653K, capacity 21045K, committed 21248K, reserved 1069056K
  class space    used 2294K, capacity 2508K, committed 2560K, reserved 1048576K
}
Event: 3.591 GC heap before
{Heap before GC invocations=5 (full 0):
 garbage-first heap   total 131072K, used 58976K [0x0000000740000000, 0x00000007c0000000)
  region size 1024K, 54 young (55296K), 3 survivors (3072K)
 Metaspace       used 28313K, capacity 28956K, committed 29312K, reserved 1075200K
  class space    used 3201K, capacity 3442K, committed 3456K, reserved 1048576K
}
Event: 3.601 GC heap after
{Heap after GC invocations=6 (full 0):
 garbage-first heap   total 131072K, used 8839K [0x0000000740000000, 0x00000007c0000000)
  region size 1024K, 5 young (5120K), 5 survivors (5120K)
 Metaspace       used 28313K, capacity 28956K, committed 29312K, reserved 1075200K
  class space    used 3201K, capacity 3442K, committed 3456K, reserved 1048576K
}
Event: 4.529 GC heap before
{Heap before GC invocations=6 (full 0):
 garbage-first heap   total 131072K, used 41607K [0x0000000740000000, 0x00000007c0000000)
  region size 1024K, 38 young (38912K), 5 survivors (5120K)
 Metaspace       used 34692K, capacity 35464K, committed 35840K, reserved 1081344K
  class space    used 3955K, capacity 4282K, committed 4352K, reserved 1048576K
}
Event: 4.545 GC heap after
{Heap after GC invocations=7 (full 0):
 garbage-first heap   total 131072K, used 11565K [0x0000000740000000, 0x00000007c0000000)
  region size 1024K, 8 young (8192K), 8 survivors (8192K)
 Metaspace       used 34692K, capacity 35464K, committed 35840K, reserved 1081344K
  class space    used 3955K, capacity 4282K, committed 4352K, reserved 1048576K
}
Event: 7159.147 GC heap before
{Heap before GC invocations=8 (full 0):
 garbage-first heap   total 131072K, used 78125K [0x0000000740000000, 0x00000007c0000000)
  region size 1024K, 73 young (74752K), 8 survivors (8192K)
 Metaspace       used 44751K, capacity 45650K, committed 46080K, reserved 1089536K
  class space    used 4941K, capacity 5300K, committed 5376K, reserved 1048576K
}
Event: 7159.833 GC heap after
{Heap after GC invocations=9 (full 0):
 garbage-first heap   total 157696K, used 16650K [0x0000000740000000, 0x00000007c0000000)
  region size 1024K, 10 young (10240K), 10 survivors (10240K)
 Metaspace       used 44751K, capacity 45650K, committed 46080K, reserved 1089536K
  class space    used 4941K, capacity 5300K, committed 5376K, reserved 1048576K
}
Event: 9621.637 GC heap before
{Heap before GC invocations=9 (full 0):
 garbage-first heap   total 157696K, used 32010K [0x0000000740000000, 0x00000007c0000000)
  region size 1024K, 25 young (25600K), 10 survivors (10240K)
 Metaspace       used 44994K, capacity 45913K, committed 46336K, reserved 1089536K
  class space    used 4947K, capacity 5301K, committed 5376K, reserved 1048576K
}
Event: 9621.923 GC heap after
{Heap after GC invocations=10 (full 0):
 garbage-first heap   total 157696K, used 16995K [0x0000000740000000, 0x00000007c0000000)
  region size 1024K, 2 young (2048K), 2 survivors (2048K)
 Metaspace       used 44994K, capacity 45913K, committed 46336K, reserved 1089536K
  class space    used 4947K, capacity 5301K, committed 5376K, reserved 1048576K
}

